<?xml version="1.0" encoding="UTF-8"?>
<!-- Generated by org.testng.reporters.JUnitXMLReporter -->
<testsuite ignored="0" hostname="LAPTOP-POGUVL90" failures="0" tests="3" name="Default test" time="0.034" errors="0" timestamp="2022-03-17T18:04:32 IST">
  <testcase classname="abstract_study.Myclass" name="f" time="0.007"/>
  <testcase classname="abstract_study.Myclass" name="f1" time="0.001"/>
  <testcase classname="abstract_study.Myclass" name="f2" time="0.001"/>
</testsuite> <!-- Default test -->
