<?xml version="1.0" encoding="UTF-8"?>
<testng-results ignored="0" total="3" passed="3" failed="0" skipped="0">
  <reporter-output>
  </reporter-output>
  <suite started-at="2022-03-17T18:04:32 IST" name="Default suite" finished-at="2022-03-17T18:04:32 IST" duration-ms="34">
    <groups>
    </groups>
    <test started-at="2022-03-17T18:04:32 IST" name="Default test" finished-at="2022-03-17T18:04:32 IST" duration-ms="34">
      <class name="abstract_study.Myclass">
        <test-method signature="f()[pri:0, instance:abstract_study.Myclass@7ee955a8]" started-at="2022-03-17T18:04:32 IST" name="f" finished-at="2022-03-17T18:04:32 IST" duration-ms="7" status="PASS">
          <reporter-output>
          </reporter-output>
        </test-method> <!-- f -->
        <test-method signature="f1()[pri:0, instance:abstract_study.Myclass@7ee955a8]" started-at="2022-03-17T18:04:32 IST" name="f1" finished-at="2022-03-17T18:04:32 IST" duration-ms="1" status="PASS">
          <reporter-output>
          </reporter-output>
        </test-method> <!-- f1 -->
        <test-method signature="f2()[pri:0, instance:abstract_study.Myclass@7ee955a8]" started-at="2022-03-17T18:04:32 IST" name="f2" finished-at="2022-03-17T18:04:32 IST" duration-ms="1" status="PASS">
          <reporter-output>
          </reporter-output>
        </test-method> <!-- f2 -->
      </class> <!-- abstract_study.Myclass -->
    </test> <!-- Default test -->
  </suite> <!-- Default suite -->
</testng-results>
